C:\su\CSE687\code\Equiv\Debug\cl.command.1.tlog
C:\su\CSE687\code\Equiv\Debug\CL.read.1.tlog
C:\su\CSE687\code\Equiv\Debug\CL.write.1.tlog
C:\SU\CSE687\CODE\EQUIV\DEBUG\EQUIV.OBJ
C:\SU\CSE687\CODE\EQUIV\DEBUG\EQUIVALENT.EXE
C:\SU\CSE687\CODE\EQUIV\DEBUG\EQUIVALENT.EXE.EMBED.MANIFEST
C:\SU\CSE687\CODE\EQUIV\DEBUG\EQUIVALENT.EXE.EMBED.MANIFEST.RES
C:\SU\CSE687\CODE\EQUIV\DEBUG\EQUIVALENT.EXE.INTERMEDIATE.MANIFEST
C:\SU\CSE687\CODE\EQUIV\DEBUG\EQUIVALENT.ILK
C:\SU\CSE687\CODE\EQUIV\DEBUG\EQUIVALENT.PDB
C:\su\CSE687\code\Equiv\Debug\Equivalent_manifest.rc
C:\su\CSE687\code\Equiv\Debug\link.command.1.tlog
C:\su\CSE687\code\Equiv\Debug\link.read.1.tlog
C:\su\CSE687\code\Equiv\Debug\link.write.1.tlog
C:\su\CSE687\code\Equiv\Debug\link-cvtres.read.1.tlog
C:\su\CSE687\code\Equiv\Debug\link-cvtres.write.1.tlog
C:\su\CSE687\code\Equiv\Debug\mt.command.1.tlog
C:\su\CSE687\code\Equiv\Debug\mt.read.1.tlog
C:\su\CSE687\code\Equiv\Debug\mt.write.1.tlog
C:\su\CSE687\code\Equiv\Debug\rc.command.1.tlog
C:\su\CSE687\code\Equiv\Debug\rc.read.1.tlog
C:\su\CSE687\code\Equiv\Debug\rc.write.1.tlog
C:\su\CSE687\code\Equiv\Debug\vc100.idb
C:\SU\CSE687\CODE\EQUIV\DEBUG\VC100.PDB
C:\su\CSE687\code\Equiv\Debug\vc90.idb
C:\su\CSE687\code\Equiv\Debug\vc90.pdb
Debug\Equivalent.ilk
Debug\Equivalent.pdb
