c:\su\cse687\code\inheritance\debug\vc140.pdb
c:\su\cse687\code\inheritance\debug\vc140.idb
c:\su\cse687\code\inheritance\debug\soldiers.obj
c:\su\cse687\code\inheritance\debug\utilities.obj
c:\github\jimfawcett\cppbasicdemos\inheritance\debug\vc142.pdb
c:\github\jimfawcett\cppbasicdemos\inheritance\debug\vc142.idb
c:\github\jimfawcett\cppbasicdemos\inheritance\debug\utilities.obj
c:\github\jimfawcett\cppbasicdemos\inheritance\debug\soldiers.obj
c:\su\cse687\code\inheritance\debug\inheritance.ilk
c:\su\cse687\code\inheritance\debug\inheritance.exe
c:\su\cse687\code\inheritance\debug\inheritance.pdb
c:\github\jimfawcett\cppbasicdemos\inheritance\debug\inheritance.ilk
c:\github\jimfawcett\cppbasicdemos\inheritance\debug\inheritance.exe
c:\github\jimfawcett\cppbasicdemos\inheritance\debug\inheritance.pdb
c:\github\jimfawcett\cppbasicdemos\inheritance\debug\inheritance.tlog\cl.command.1.tlog
c:\github\jimfawcett\cppbasicdemos\inheritance\debug\inheritance.tlog\cl.read.1.tlog
c:\github\jimfawcett\cppbasicdemos\inheritance\debug\inheritance.tlog\cl.write.1.tlog
c:\github\jimfawcett\cppbasicdemos\inheritance\debug\inheritance.tlog\link.command.1.tlog
c:\github\jimfawcett\cppbasicdemos\inheritance\debug\inheritance.tlog\link.read.1.tlog
c:\github\jimfawcett\cppbasicdemos\inheritance\debug\inheritance.tlog\link.write.1.tlog
